#
# There is insufficient memory for the Java Runtime Environment to continue.
# Native memory allocation (mmap) failed to map 264241152 bytes for G1 virtual space
# Possible reasons:
#   The system is out of physical RAM or swap space
#   The process is running with CompressedOops enabled, and the Java Heap may be blocking the growth of the native heap
# Possible solutions:
#   Reduce memory load on the system
#   Increase physical memory or swap space
#   Check if swap backing store is full
#   Decrease Java heap size (-Xmx/-Xms)
#   Decrease number of Java threads
#   Decrease Java thread stack sizes (-Xss)
#   Set larger code cache with -XX:ReservedCodeCacheSize=
#   JVM is running with Zero Based Compressed Oops mode in which the Java heap is
#     placed in the first 32GB address space. The Java Heap base address is the
#     maximum limit for the native heap growth. Please use -XX:HeapBaseMinAddress
#     to set the Java Heap base and to place the Java Heap above 32GB virtual address.
# This output file may be truncated or incomplete.
#
#  Out of Memory Error (os_windows.cpp:3530), pid=8264, tid=8000
#
# JRE version:  (18.0.1.1+2) (build )
# Java VM: OpenJDK 64-Bit Server VM (18.0.1.1+2-6, mixed mode, sharing, tiered, compressed oops, compressed class ptrs, g1 gc, windows-amd64)
# No core dump will be written. Minidumps are not enabled by default on client versions of Windows
#

---------------  S U M M A R Y ------------

Command Line: -javaagent:C:\Users\hassa\AppData\Local\JetBrains\Toolbox\apps\IDEA-U\ch-0\212.5284.40\lib\idea_rt.jar=50887:C:\Users\hassa\AppData\Local\JetBrains\Toolbox\apps\IDEA-U\ch-0\212.5284.40\bin -Dfile.encoding=UTF-8 Java.Hangman

Host: Intel(R) Core(TM) i7-10510U CPU @ 1.80GHz, 8 cores, 15G,  Windows 10 , 64 bit Build 19041 (10.0.19041.1806)
Time: Thu Aug  4 00:22:45 2022 Central Daylight Time elapsed time: 0.006811 seconds (0d 0h 0m 0s)

---------------  T H R E A D  ---------------

Current thread (0x000002d26e18ee00):  JavaThread "Unknown thread" [_thread_in_vm, id=8000, stack(0x000000fdc2f00000,0x000000fdc3000000)]

Stack: [0x000000fdc2f00000,0x000000fdc3000000]
Native frames: (J=compiled Java code, j=interpreted, Vv=VM code, C=native code)
V  [jvm.dll+0x69887a]
V  [jvm.dll+0x7f38bd]
V  [jvm.dll+0x7f51ce]
V  [jvm.dll+0x7f5883]
V  [jvm.dll+0x25ca3f]
V  [jvm.dll+0x6957c9]
V  [jvm.dll+0x68a2fa]
V  [jvm.dll+0x321efb]
V  [jvm.dll+0x3298d6]
V  [jvm.dll+0x37e47e]
V  [jvm.dll+0x37e6af]
V  [jvm.dll+0x2f9c7a]
V  [jvm.dll+0x2facdd]
V  [jvm.dll+0x7c24f0]
V  [jvm.dll+0x38b801]
V  [jvm.dll+0x7a1203]
V  [jvm.dll+0x40d6bf]
V  [jvm.dll+0x40f091]
C  [jli.dll+0x526b]
C  [ucrtbase.dll+0x21bb2]
C  [KERNEL32.DLL+0x17034]
C  [ntdll.dll+0x52651]


---------------  P R O C E S S  ---------------

Threads class SMR info:
_java_thread_list=0x00007ffd15a9d550, length=0, elements={
}

Java Threads: ( => current thread )

Other Threads:
  0x000002d26e200560 WorkerThread "GC Thread#0" [stack: 0x000000fdc3000000,0x000000fdc3100000] [id=22360]
  0x000002d26e211050 ConcurrentGCThread "G1 Main Marker" [stack: 0x000000fdc3100000,0x000000fdc3200000] [id=5420]
  0x000002d26e2131f0 WorkerThread "G1 Conc#0" [stack: 0x000000fdc3200000,0x000000fdc3300000] [id=2864]

[error occurred during error reporting (printing all threads), id 0xc0000005, EXCEPTION_ACCESS_VIOLATION (0xc0000005) at pc=0x00007ffd152ca217]

VM state: not at safepoint (not fully initialized)

VM Mutex/Monitor currently owned by a thread:  ([mutex/lock_event])
[0x000002d26e18d8c0] Heap_lock - owner thread: 0x000002d26e18ee00

Heap address: 0x0000000704400000, size: 4028 MB, Compressed Oops mode: Zero based, Oop shift amount: 3

CDS archive(s) mapped at: [0x0000000000000000-0x0000000000000000-0x0000000000000000), size 0, SharedBaseAddress: 0x0000000800000000, ArchiveRelocationMode: 0.
Narrow klass base: 0x0000000000000000, Narrow klass shift: 0, Narrow klass range: 0x0

GC Precious Log:
 CardTable entry size: 512
 Card Set container configuration: InlinePtr #cards 4 size 8 Array Of Cards #cards 16 size 48 Howl #buckets 8 coarsen threshold 3686 Howl Bitmap #cards 512 size 80 coarsen threshold 460 Card regions per heap region 1 cards per card region 4096

Heap:
 garbage-first heap   total 0K, used 0K [0x0000000704400000, 0x0000000800000000)
  region size 2048K, 0 young (0K), 0 survivors (0K)

[error occurred during error reporting (printing heap information), id 0xc0000005, EXCEPTION_ACCESS_VIOLATION (0xc0000005) at pc=0x00007ffd156b0cb9]

GC Heap History (0 events):
No events

Deoptimization events (0 events):
No events

Classes loaded (0 events):
No events

Classes unloaded (0 events):
No events

Classes redefined (0 events):
No events

Internal exceptions (0 events):
No events

VM Operations (0 events):
No events

Events (1 events):
Event: 0.005 Loaded shared library C:\Users\hassa\.jdks\openjdk-18.0.1.1\bin\java.dll


Dynamic libraries:
0x00007ff66b540000 - 0x00007ff66b54e000 	C:\Users\hassa\.jdks\openjdk-18.0.1.1\bin\java.exe
0x00007ffd5ec70000 - 0x00007ffd5ee68000 	C:\WINDOWS\SYSTEM32\ntdll.dll
0x00007ffd5e280000 - 0x00007ffd5e33d000 	C:\WINDOWS\System32\KERNEL32.DLL
0x00007ffd5c850000 - 0x00007ffd5cb1e000 	C:\WINDOWS\System32\KERNELBASE.dll
0x00007ffd5c390000 - 0x00007ffd5c490000 	C:\WINDOWS\System32\ucrtbase.dll
0x00007ffd47a60000 - 0x00007ffd47a77000 	C:\Users\hassa\.jdks\openjdk-18.0.1.1\bin\jli.dll
0x00007ffd47580000 - 0x00007ffd4759a000 	C:\Users\hassa\.jdks\openjdk-18.0.1.1\bin\VCRUNTIME140.dll
0x00007ffd5e340000 - 0x00007ffd5e4e0000 	C:\WINDOWS\System32\USER32.dll
0x00007ffd5c820000 - 0x00007ffd5c842000 	C:\WINDOWS\System32\win32u.dll
0x00007ffd3e380000 - 0x00007ffd3e61a000 	C:\WINDOWS\WinSxS\amd64_microsoft.windows.common-controls_6595b64144ccf1df_6.0.19041.1110_none_60b5254171f9507e\COMCTL32.dll
0x00007ffd5cdf0000 - 0x00007ffd5ce1a000 	C:\WINDOWS\System32\GDI32.dll
0x00007ffd5eb90000 - 0x00007ffd5ec2e000 	C:\WINDOWS\System32\msvcrt.dll
0x00007ffd5c710000 - 0x00007ffd5c81b000 	C:\WINDOWS\System32\gdi32full.dll
0x00007ffd5c490000 - 0x00007ffd5c52d000 	C:\WINDOWS\System32\msvcp_win.dll
0x00007ffd5ea30000 - 0x00007ffd5ea60000 	C:\WINDOWS\System32\IMM32.DLL
0x00007ffd47aa0000 - 0x00007ffd47aac000 	C:\Users\hassa\.jdks\openjdk-18.0.1.1\bin\vcruntime140_1.dll
0x00007ffd2e270000 - 0x00007ffd2e2fd000 	C:\Users\hassa\.jdks\openjdk-18.0.1.1\bin\msvcp140.dll
0x00007ffd14fc0000 - 0x00007ffd15bd0000 	C:\Users\hassa\.jdks\openjdk-18.0.1.1\bin\server\jvm.dll
0x00007ffd5df80000 - 0x00007ffd5e02e000 	C:\WINDOWS\System32\ADVAPI32.dll
0x00007ffd5e4e0000 - 0x00007ffd5e57c000 	C:\WINDOWS\System32\sechost.dll
0x00007ffd5e0c0000 - 0x00007ffd5e1e5000 	C:\WINDOWS\System32\RPCRT4.dll
0x00007ffd5e030000 - 0x00007ffd5e038000 	C:\WINDOWS\System32\PSAPI.DLL
0x00007ffd526b0000 - 0x00007ffd526b9000 	C:\WINDOWS\SYSTEM32\WSOCK32.dll
0x00007ffd3a7f0000 - 0x00007ffd3a817000 	C:\WINDOWS\SYSTEM32\WINMM.dll
0x00007ffd5e580000 - 0x00007ffd5e5eb000 	C:\WINDOWS\System32\WS2_32.dll
0x00007ffd52290000 - 0x00007ffd5229a000 	C:\WINDOWS\SYSTEM32\VERSION.dll
0x00007ffd5ac70000 - 0x00007ffd5ac82000 	C:\WINDOWS\SYSTEM32\kernel.appcore.dll
0x00007ffd47470000 - 0x00007ffd4747a000 	C:\Users\hassa\.jdks\openjdk-18.0.1.1\bin\jimage.dll
0x00007ffd5a940000 - 0x00007ffd5ab24000 	C:\WINDOWS\SYSTEM32\DBGHELP.DLL
0x00007ffd482d0000 - 0x00007ffd482fc000 	C:\WINDOWS\SYSTEM32\dbgcore.DLL
0x00007ffd5c680000 - 0x00007ffd5c702000 	C:\WINDOWS\System32\bcryptPrimitives.dll
0x00007ffd47460000 - 0x00007ffd4746e000 	C:\Users\hassa\.jdks\openjdk-18.0.1.1\bin\instrument.dll
0x00007ffd3c9d0000 - 0x00007ffd3c9f5000 	C:\Users\hassa\.jdks\openjdk-18.0.1.1\bin\java.dll

dbghelp: loaded successfully - version: 4.0.5 - missing functions: none
symbol engine: initialized successfully - sym options: 0x614 - pdb path: .;C:\Users\hassa\.jdks\openjdk-18.0.1.1\bin;C:\WINDOWS\SYSTEM32;C:\WINDOWS\WinSxS\amd64_microsoft.windows.common-controls_6595b64144ccf1df_6.0.19041.1110_none_60b5254171f9507e;C:\Users\hassa\.jdks\openjdk-18.0.1.1\bin\server

VM Arguments:
jvm_args: -javaagent:C:\Users\hassa\AppData\Local\JetBrains\Toolbox\apps\IDEA-U\ch-0\212.5284.40\lib\idea_rt.jar=50887:C:\Users\hassa\AppData\Local\JetBrains\Toolbox\apps\IDEA-U\ch-0\212.5284.40\bin -Dfile.encoding=UTF-8 
java_command: Java.Hangman
java_class_path (initial): C:\Users\hassa\IdeaProjects\GenSparkProjects\out\production\GenSparkProjects;C:\Users\hassa\.m2\repository\org\junit\jupiter\junit-jupiter\5.7.0\junit-jupiter-5.7.0.jar;C:\Users\hassa\.m2\repository\org\junit\jupiter\junit-jupiter-api\5.7.0\junit-jupiter-api-5.7.0.jar;C:\Users\hassa\.m2\repository\org\apiguardian\apiguardian-api\1.1.0\apiguardian-api-1.1.0.jar;C:\Users\hassa\.m2\repository\org\opentest4j\opentest4j\1.2.0\opentest4j-1.2.0.jar;C:\Users\hassa\.m2\repository\org\junit\platform\junit-platform-commons\1.7.0\junit-platform-commons-1.7.0.jar;C:\Users\hassa\.m2\repository\org\junit\jupiter\junit-jupiter-params\5.7.0\junit-jupiter-params-5.7.0.jar;C:\Users\hassa\.m2\repository\org\junit\jupiter\junit-jupiter-engine\5.7.0\junit-jupiter-engine-5.7.0.jar;C:\Users\hassa\.m2\repository\org\junit\platform\junit-platform-engine\1.7.0\junit-platform-engine-1.7.0.jar
Launcher Type: SUN_STANDARD

[Global flags]
     intx CICompilerCount                          = 4                                         {product} {ergonomic}
     uint ConcGCThreads                            = 2                                         {product} {ergonomic}
     uint G1ConcRefinementThreads                  = 8                                         {product} {ergonomic}
   size_t G1HeapRegionSize                         = 2097152                                   {product} {ergonomic}
    uintx GCDrainStackTargetSize                   = 64                                        {product} {ergonomic}
   size_t InitialHeapSize                          = 264241152                                 {product} {ergonomic}
   size_t MarkStackSize                            = 4194304                                   {product} {ergonomic}
   size_t MaxHeapSize                              = 4223664128                                {product} {ergonomic}
   size_t MinHeapDeltaBytes                        = 2097152                                   {product} {ergonomic}
   size_t MinHeapSize                              = 8388608                                   {product} {ergonomic}
    uintx NonNMethodCodeHeapSize                   = 5839372                                {pd product} {ergonomic}
    uintx NonProfiledCodeHeapSize                  = 122909434                              {pd product} {ergonomic}
    uintx ProfiledCodeHeapSize                     = 122909434                              {pd product} {ergonomic}
    uintx ReservedCodeCacheSize                    = 251658240                              {pd product} {ergonomic}
     bool SegmentedCodeCache                       = true                                      {product} {ergonomic}
   size_t SoftMaxHeapSize                          = 4223664128                             {manageable} {ergonomic}
     bool UseCompressedClassPointers               = true                           {product lp64_product} {ergonomic}
     bool UseCompressedOops                        = true                           {product lp64_product} {ergonomic}
     bool UseG1GC                                  = true                                      {product} {ergonomic}
     bool UseLargePagesIndividualAllocation        = false                                  {pd product} {ergonomic}

Logging:
Log output configuration:
 #0: stdout all=warning uptime,level,tags foldmultilines=false
 #1: stderr all=off uptime,level,tags foldmultilines=false

Environment Variables:
PATH=C:\Program Files\Common Files\Oracle\Java\javapath;C:\windows\system32;C:\windows;C:\windows\System32\Wbem;C:\windows\System32\WindowsPowerShell\v1.0\;C:\windows\System32\OpenSSH\;C:\Program Files (x86)\NVIDIA Corporation\PhysX\Common;C:\Program Files\NVIDIA Corporation\NVIDIA NvDLISR;C:\WINDOWS\system32;C:\WINDOWS;C:\WINDOWS\System32\Wbem;C:\WINDOWS\System32\WindowsPowerShell\v1.0\;C:\WINDOWS\System32\OpenSSH\;C:\Program Files\Git\cmd;C:\Program Files\nodejs\;C:\ProgramData\chocolatey\bin;C:\Users\hassa\AppData\Local\Microsoft\WindowsApps;C:\Users\hassa\AppData\Local\Microsoft\WindowsApps;C:\Users\hassa\AppData\Local\GitHubDesktop\bin;C:\Program Files\heroku\bin;C:\Users\hassa\AppData\Local\Programs\Microsoft VS Code\bin;C:\Users\hassa\AppData\Roaming\npm;C:\Users\hassa\AppData\Local\JetBrains\Toolbox\scripts
USERNAME=hassa
OS=Windows_NT
PROCESSOR_IDENTIFIER=Intel64 Family 6 Model 142 Stepping 12, GenuineIntel



---------------  S Y S T E M  ---------------

OS:
 Windows 10 , 64 bit Build 19041 (10.0.19041.1806)
OS uptime: 9 days 6:47 hours

CPU: total 8 (initial active 8) (4 cores per cpu, 2 threads per core) family 6 model 142 stepping 12 microcode 0xca, cx8, cmov, fxsr, ht, mmx, 3dnowpref, sse, sse2, sse3, ssse3, sse4.1, sse4.2, popcnt, lzcnt, tsc, tscinvbit, avx, avx2, aes, erms, clmul, bmi1, bmi2, adx, fma, vzeroupper, clflush, clflushopt

Memory: 4k page, system-wide physical 16105M (4013M free)
TotalPageFile size 46496M (AvailPageFile size 30M)
current process WorkingSet (physical memory assigned to process): 10M, peak: 10M
current process commit charge ("private bytes"): 60M, peak: 312M

vm_info: OpenJDK 64-Bit Server VM (18.0.1.1+2-6) for windows-amd64 JRE (18.0.1.1+2-6), built on Apr 25 2022 21:50:56 by "mach5one" with MS VC++ 16.8 / 16.9 (VS2019)

END.
